Alice   (5704): 21:54:24 changing state Released -> Released
Alice   (5704): 21:55:55 dialing 2
Alice   (5704): 21:55:56 dialing 2
Alice   (5704): 21:55:56 connected to peer 2640
Alice   (5704): 21:55:56 connected to peer 2640 on port 2
Alice   (5704): 21:55:58 dialing 3
Alice   (5704): 21:55:58 dialing 3

Alice   (5704): 21:55:58 connected to peer 13116
Alice   (5704): 21:55:59 connected to peer 13116 on port 3
Alice   (5704): 21:58:46 attempting to lock
Alice   (5704): 21:58:46 attempting to enter critical section
Alice   (5704): 21:58:46 changing state Released -> Wanted
Alice   (5704): 21:58:46 multicasting {0 5704}
Alice   (5704): 21:58:46 got reply
Alice   (5704): 21:58:46 got reply
Alice   (5704): 21:58:46 changing state Wanted -> Held
Alice   (5704): 21:58:46 changing time 0 -> 1
Alice   (5704): 21:58:46 entered critical section at time 1
Alice   (5704): 22:01:09 changing time 1 -> 3
Alice   (5704): 22:01:09 recv {time:2 pid:2640}
Alice   (5704): 22:01:27 changing time 3 -> 5
Alice   (5704): 22:01:27 recv {time:4 pid:13116}

Alice   (5704): 22:02:23 leaving critical section
Alice   (5704): 22:02:23 changing state Held -> Released
Alice   (5704): 22:02:23 replying {2 2640}
Alice   (5704): 22:02:23 changing time 5 -> 6
Alice   (5704): 22:02:23 replying {4 13116}
Alice   (5704): 22:02:23 changing time 6 -> 7
Alice   (5704): 22:02:23 left critical section
